<?xml version="1.0" encoding="UTF-8"?>
<!-- Generated by org.testng.reporters.JUnitReportReporter -->
<testsuite hostname="DESKTOP-0PFBF0F" failures="0" tests="1" name="com.example.testng.Registration" time="40.152" errors="0" timestamp="2022-10-13T17:36:38 IST" skipped="0">
  <testcase classname="com.example.testng.Registration" name="registration" time="40.152"/>
  <system-out/>
</testsuite> <!-- com.example.testng.Registration -->
